Flow report for processor_2
Mon May 18 14:28:29 2020
Quartus Prime Version 18.1.0 Build 625 09/12/2018 SJ Lite Edition


---------------------
; Table of Contents ;
---------------------
  1. Legal Notice
  2. Flow Summary
  3. Flow Settings
  4. Flow Non-Default Global Settings
  5. Flow Elapsed Time
  6. Flow OS Summary
  7. Flow Log
  8. Flow Messages
  9. Flow Suppressed Messages



----------------
; Legal Notice ;
----------------
Copyright (C) 2018  Intel Corporation. All rights reserved.
Your use of Intel Corporation's design tools, logic functions 
and other software and tools, and its AMPP partner logic 
functions, and any output files from any of the foregoing 
(including device programming or simulation files), and any 
associated documentation or information are expressly subject 
to the terms and conditions of the Intel Program License 
Subscription Agreement, the Intel Quartus Prime License Agreement,
the Intel FPGA IP License Agreement, or other applicable license
agreement, including, without limitation, that your use is for
the sole purpose of programming logic devices manufactured by
Intel and sold by Intel or its authorized distributors.  Please
refer to the applicable agreement for further details.



+-------------------------------------------------------------------------------+
; Flow Summary                                                                  ;
+---------------------------------+---------------------------------------------+
; Flow Status                     ; Successful - Mon May 18 14:28:29 2020       ;
; Quartus Prime Version           ; 18.1.0 Build 625 09/12/2018 SJ Lite Edition ;
; Revision Name                   ; processor_2                                 ;
; Top-level Entity Name           ; processor_2                                 ;
; Family                          ; Cyclone V                                   ;
; Device                          ; 5CSEMA6F31C6                                ;
; Timing Models                   ; Final                                       ;
; Logic utilization (in ALMs)     ; 37 / 41,910 ( < 1 % )                       ;
; Total registers                 ; 57                                          ;
; Total pins                      ; 32 / 457 ( 7 % )                            ;
; Total virtual pins              ; 0                                           ;
; Total block memory bits         ; 0 / 5,662,720 ( 0 % )                       ;
; Total DSP Blocks                ; 0 / 112 ( 0 % )                             ;
; Total HSSI RX PCSs              ; 0                                           ;
; Total HSSI PMA RX Deserializers ; 0                                           ;
; Total HSSI TX PCSs              ; 0                                           ;
; Total HSSI PMA TX Serializers   ; 0                                           ;
; Total PLLs                      ; 0 / 6 ( 0 % )                               ;
; Total DLLs                      ; 0 / 4 ( 0 % )                               ;
+---------------------------------+---------------------------------------------+


+-----------------------------------------+
; Flow Settings                           ;
+-------------------+---------------------+
; Option            ; Setting             ;
+-------------------+---------------------+
; Start date & time ; 05/18/2020 14:13:41 ;
; Main task         ; Compilation         ;
; Revision Name     ; processor_2         ;
+-------------------+---------------------+


+-----------------------------------------------------------------------------------------------------------------------------+
; Flow Non-Default Global Settings                                                                                            ;
+-------------------------------------+----------------------------------------+---------------+-------------+----------------+
; Assignment Name                     ; Value                                  ; Default Value ; Entity Name ; Section Id     ;
+-------------------------------------+----------------------------------------+---------------+-------------+----------------+
; COMPILER_SIGNATURE_ID               ; 10995770589192.158980402103908         ; --            ; --          ; --             ;
; EDA_OUTPUT_DATA_FORMAT              ; Verilog Hdl                            ; --            ; --          ; eda_simulation ;
; EDA_SIMULATION_TOOL                 ; ModelSim-Altera (Verilog)              ; <None>        ; --          ; --             ;
; EDA_TIME_SCALE                      ; 1 ps                                   ; --            ; --          ; eda_simulation ;
; MAX_CORE_JUNCTION_TEMP              ; 85                                     ; --            ; --          ; --             ;
; MIN_CORE_JUNCTION_TEMP              ; 0                                      ; --            ; --          ; --             ;
; PARTITION_COLOR                     ; -- (Not supported for targeted family) ; --            ; --          ; Top            ;
; PARTITION_FITTER_PRESERVATION_LEVEL ; -- (Not supported for targeted family) ; --            ; --          ; Top            ;
; PARTITION_NETLIST_TYPE              ; -- (Not supported for targeted family) ; --            ; --          ; Top            ;
; PROJECT_OUTPUT_DIRECTORY            ; output_files                           ; --            ; --          ; --             ;
+-------------------------------------+----------------------------------------+---------------+-------------+----------------+


+--------------------------------------------------------------------------------------------------------------------------+
; Flow Elapsed Time                                                                                                        ;
+----------------------+--------------+-------------------------+---------------------+------------------------------------+
; Module Name          ; Elapsed Time ; Average Processors Used ; Peak Virtual Memory ; Total CPU Time (on all processors) ;
+----------------------+--------------+-------------------------+---------------------+------------------------------------+
; Analysis & Synthesis ; 00:00:10     ; 1.0                     ; 4835 MB             ; 00:00:22                           ;
; Fitter               ; 00:00:43     ; 1.0                     ; 6626 MB             ; 00:01:12                           ;
; Assembler            ; 00:00:09     ; 1.0                     ; 4832 MB             ; 00:00:07                           ;
; Timing Analyzer      ; 00:00:06     ; 1.1                     ; 5138 MB             ; 00:00:05                           ;
; EDA Netlist Writer   ; 00:00:01     ; 1.0                     ; 4742 MB             ; 00:00:01                           ;
; EDA Netlist Writer   ; 00:00:02     ; 1.0                     ; 4715 MB             ; 00:00:01                           ;
; EDA Netlist Writer   ; 00:00:01     ; 1.0                     ; 4722 MB             ; 00:00:01                           ;
; EDA Netlist Writer   ; 00:00:01     ; 1.0                     ; 4715 MB             ; 00:00:01                           ;
; EDA Netlist Writer   ; 00:00:01     ; 1.0                     ; 4722 MB             ; 00:00:01                           ;
; EDA Netlist Writer   ; 00:00:01     ; 1.0                     ; 4715 MB             ; 00:00:01                           ;
; EDA Netlist Writer   ; 00:00:01     ; 1.0                     ; 4722 MB             ; 00:00:01                           ;
; EDA Netlist Writer   ; 00:00:01     ; 1.0                     ; 4715 MB             ; 00:00:01                           ;
; EDA Netlist Writer   ; 00:00:01     ; 1.0                     ; 4722 MB             ; 00:00:01                           ;
; EDA Netlist Writer   ; 00:00:01     ; 1.0                     ; 4715 MB             ; 00:00:01                           ;
; EDA Netlist Writer   ; 00:00:01     ; 1.0                     ; 4722 MB             ; 00:00:01                           ;
; EDA Netlist Writer   ; 00:00:01     ; 1.0                     ; 4715 MB             ; 00:00:01                           ;
; EDA Netlist Writer   ; 00:00:01     ; 1.0                     ; 4722 MB             ; 00:00:01                           ;
; Total                ; 00:01:22     ; --                      ; --                  ; 00:01:59                           ;
+----------------------+--------------+-------------------------+---------------------+------------------------------------+


+------------------------------------------------------------------------------------+
; Flow OS Summary                                                                    ;
+----------------------+------------------+------------+------------+----------------+
; Module Name          ; Machine Hostname ; OS Name    ; OS Version ; Processor type ;
+----------------------+------------------+------------+------------+----------------+
; Analysis & Synthesis ; LAPTOP-C3D3UV52  ; Windows 10 ; 10.0       ; x86_64         ;
; Fitter               ; LAPTOP-C3D3UV52  ; Windows 10 ; 10.0       ; x86_64         ;
; Assembler            ; LAPTOP-C3D3UV52  ; Windows 10 ; 10.0       ; x86_64         ;
; Timing Analyzer      ; LAPTOP-C3D3UV52  ; Windows 10 ; 10.0       ; x86_64         ;
; EDA Netlist Writer   ; LAPTOP-C3D3UV52  ; Windows 10 ; 10.0       ; x86_64         ;
; EDA Netlist Writer   ; LAPTOP-C3D3UV52  ; Windows 10 ; 10.0       ; x86_64         ;
; EDA Netlist Writer   ; LAPTOP-C3D3UV52  ; Windows 10 ; 10.0       ; x86_64         ;
; EDA Netlist Writer   ; LAPTOP-C3D3UV52  ; Windows 10 ; 10.0       ; x86_64         ;
; EDA Netlist Writer   ; LAPTOP-C3D3UV52  ; Windows 10 ; 10.0       ; x86_64         ;
; EDA Netlist Writer   ; LAPTOP-C3D3UV52  ; Windows 10 ; 10.0       ; x86_64         ;
; EDA Netlist Writer   ; LAPTOP-C3D3UV52  ; Windows 10 ; 10.0       ; x86_64         ;
; EDA Netlist Writer   ; LAPTOP-C3D3UV52  ; Windows 10 ; 10.0       ; x86_64         ;
; EDA Netlist Writer   ; LAPTOP-C3D3UV52  ; Windows 10 ; 10.0       ; x86_64         ;
; EDA Netlist Writer   ; LAPTOP-C3D3UV52  ; Windows 10 ; 10.0       ; x86_64         ;
; EDA Netlist Writer   ; LAPTOP-C3D3UV52  ; Windows 10 ; 10.0       ; x86_64         ;
; EDA Netlist Writer   ; LAPTOP-C3D3UV52  ; Windows 10 ; 10.0       ; x86_64         ;
; EDA Netlist Writer   ; LAPTOP-C3D3UV52  ; Windows 10 ; 10.0       ; x86_64         ;
+----------------------+------------------+------------+------------+----------------+


------------
; Flow Log ;
------------
quartus_map --read_settings_files=on --write_settings_files=off processor_2 -c processor_2
quartus_fit --read_settings_files=off --write_settings_files=off processor_2 -c processor_2
quartus_asm --read_settings_files=off --write_settings_files=off processor_2 -c processor_2
quartus_sta processor_2 -c processor_2
quartus_eda --read_settings_files=off --write_settings_files=off processor_2 -c processor_2
quartus_eda --gen_testbench --tool=modelsim_oem --format=verilog --write_settings_files=off processor_2 -c processor_2 --vector_source=C:/Users/izabe/OneDrive/Pulpit/SW/systemy11/systemy11_1/Waveform5.vwf --testbench_file=C:/Users/izabe/OneDrive/Pulpit/SW/systemy11/systemy11_1/simulation/qsim/Waveform5.vwf.vt
quartus_eda --write_settings_files=off --simulation=on --functional=on --flatten_buses=off --tool=modelsim_oem --format=verilog --output_directory=C:/Users/izabe/OneDrive/Pulpit/SW/systemy11/systemy11_1/simulation/qsim/ processor_2 -c processor_2
quartus_eda --gen_testbench --tool=modelsim_oem --format=verilog --write_settings_files=off processor_2 -c processor_2 --vector_source=C:/Users/izabe/OneDrive/Pulpit/SW/systemy11/systemy11_1/Waveform5.vwf --testbench_file=C:/Users/izabe/OneDrive/Pulpit/SW/systemy11/systemy11_1/simulation/qsim/Waveform5.vwf.vt
quartus_eda --write_settings_files=off --simulation=on --functional=on --flatten_buses=off --tool=modelsim_oem --format=verilog --output_directory=C:/Users/izabe/OneDrive/Pulpit/SW/systemy11/systemy11_1/simulation/qsim/ processor_2 -c processor_2
quartus_eda --gen_testbench --tool=modelsim_oem --format=verilog --write_settings_files=off processor_2 -c processor_2 --vector_source=C:/Users/izabe/OneDrive/Pulpit/SW/systemy11/systemy11_1/Waveform5.vwf --testbench_file=C:/Users/izabe/OneDrive/Pulpit/SW/systemy11/systemy11_1/simulation/qsim/Waveform5.vwf.vt
quartus_eda --write_settings_files=off --simulation=on --functional=on --flatten_buses=off --tool=modelsim_oem --format=verilog --output_directory=C:/Users/izabe/OneDrive/Pulpit/SW/systemy11/systemy11_1/simulation/qsim/ processor_2 -c processor_2
quartus_eda --gen_testbench --tool=modelsim_oem --format=verilog --write_settings_files=off processor_2 -c processor_2 --vector_source=C:/Users/izabe/OneDrive/Pulpit/SW/systemy11/systemy11_1/Waveform5.vwf --testbench_file=C:/Users/izabe/OneDrive/Pulpit/SW/systemy11/systemy11_1/simulation/qsim/Waveform5.vwf.vt
quartus_eda --write_settings_files=off --simulation=on --functional=on --flatten_buses=off --tool=modelsim_oem --format=verilog --output_directory=C:/Users/izabe/OneDrive/Pulpit/SW/systemy11/systemy11_1/simulation/qsim/ processor_2 -c processor_2
quartus_eda --gen_testbench --tool=modelsim_oem --format=verilog --write_settings_files=off processor_2 -c processor_2 --vector_source=C:/Users/izabe/OneDrive/Pulpit/SW/systemy11/systemy11_1/Waveform5.vwf --testbench_file=C:/Users/izabe/OneDrive/Pulpit/SW/systemy11/systemy11_1/simulation/qsim/Waveform5.vwf.vt
quartus_eda --write_settings_files=off --simulation=on --functional=on --flatten_buses=off --tool=modelsim_oem --format=verilog --output_directory=C:/Users/izabe/OneDrive/Pulpit/SW/systemy11/systemy11_1/simulation/qsim/ processor_2 -c processor_2
quartus_eda --gen_testbench --tool=modelsim_oem --format=verilog --write_settings_files=off processor_2 -c processor_2 --vector_source=C:/Users/izabe/OneDrive/Pulpit/SW/systemy11/systemy11_1/Waveform5.vwf --testbench_file=C:/Users/izabe/OneDrive/Pulpit/SW/systemy11/systemy11_1/simulation/qsim/Waveform5.vwf.vt
quartus_eda --write_settings_files=off --simulation=on --functional=on --flatten_buses=off --tool=modelsim_oem --format=verilog --output_directory=C:/Users/izabe/OneDrive/Pulpit/SW/systemy11/systemy11_1/simulation/qsim/ processor_2 -c processor_2



